CRITICAL - 2022-06-11 10:05:00 --> syntax error, unexpected '}', expecting ';'
#0 C:\xampp\htdocs\lab11_php_ci\ci4\system\Autoloader\Autoloader.php(241): CodeIgniter\Autoloader\Autoloader->includeFile('C:\\xampp\\htdocs...')
#1 C:\xampp\htdocs\lab11_php_ci\ci4\system\Autoloader\Autoloader.php(219): CodeIgniter\Autoloader\Autoloader->loadInNamespace('App\\Controllers...')
#2 [internal function]: CodeIgniter\Autoloader\Autoloader->loadClass('App\\Controllers...')
#3 [internal function]: spl_autoload_call('App\\Controllers...')
#4 C:\xampp\htdocs\lab11_php_ci\ci4\system\CodeIgniter.php(797): class_exists('\\App\\Controller...', true)
#5 C:\xampp\htdocs\lab11_php_ci\ci4\system\CodeIgniter.php(406): CodeIgniter\CodeIgniter->startController()
#6 C:\xampp\htdocs\lab11_php_ci\ci4\system\CodeIgniter.php(326): CodeIgniter\CodeIgniter->handleRequest(NULL, Object(Config\Cache), false)
#7 C:\xampp\htdocs\lab11_php_ci\ci4\public\index.php(37): CodeIgniter\CodeIgniter->run()
#8 C:\xampp\htdocs\lab11_php_ci\ci4\system\Commands\Server\rewrite.php(43): require_once('C:\\xampp\\htdocs...')
#9 {main}
CRITICAL - 2022-06-11 10:05:03 --> syntax error, unexpected '}', expecting ';'
#0 C:\xampp\htdocs\lab11_php_ci\ci4\system\Autoloader\Autoloader.php(241): CodeIgniter\Autoloader\Autoloader->includeFile('C:\\xampp\\htdocs...')
#1 C:\xampp\htdocs\lab11_php_ci\ci4\system\Autoloader\Autoloader.php(219): CodeIgniter\Autoloader\Autoloader->loadInNamespace('App\\Controllers...')
#2 [internal function]: CodeIgniter\Autoloader\Autoloader->loadClass('App\\Controllers...')
#3 [internal function]: spl_autoload_call('App\\Controllers...')
#4 C:\xampp\htdocs\lab11_php_ci\ci4\system\CodeIgniter.php(797): class_exists('\\App\\Controller...', true)
#5 C:\xampp\htdocs\lab11_php_ci\ci4\system\CodeIgniter.php(406): CodeIgniter\CodeIgniter->startController()
#6 C:\xampp\htdocs\lab11_php_ci\ci4\system\CodeIgniter.php(326): CodeIgniter\CodeIgniter->handleRequest(NULL, Object(Config\Cache), false)
#7 C:\xampp\htdocs\lab11_php_ci\ci4\public\index.php(37): CodeIgniter\CodeIgniter->run()
#8 C:\xampp\htdocs\lab11_php_ci\ci4\system\Commands\Server\rewrite.php(43): require_once('C:\\xampp\\htdocs...')
#9 {main}
CRITICAL - 2022-06-11 10:19:40 --> Undefined variable: content
#0 C:\xampp\htdocs\lab11_php_ci\ci4\app\Views\contact.php(11): CodeIgniter\Debug\Exceptions->errorHandler(8, 'Undefined varia...', 'C:\\xampp\\htdocs...', 11, Array)
#1 C:\xampp\htdocs\lab11_php_ci\ci4\system\View\View.php(210): include('C:\\xampp\\htdocs...')
#2 C:\xampp\htdocs\lab11_php_ci\ci4\system\View\View.php(213): CodeIgniter\View\View->CodeIgniter\View\{closure}()
#3 C:\xampp\htdocs\lab11_php_ci\ci4\system\Common.php(1089): CodeIgniter\View\View->render('contact', Array, true)
#4 C:\xampp\htdocs\lab11_php_ci\ci4\app\Controllers\page.php(16): view('contact', Array)
#5 C:\xampp\htdocs\lab11_php_ci\ci4\system\CodeIgniter.php(832): App\Controllers\Page->contact()
#6 C:\xampp\htdocs\lab11_php_ci\ci4\system\CodeIgniter.php(419): CodeIgniter\CodeIgniter->runController(Object(App\Controllers\Page))
#7 C:\xampp\htdocs\lab11_php_ci\ci4\system\CodeIgniter.php(326): CodeIgniter\CodeIgniter->handleRequest(NULL, Object(Config\Cache), false)
#8 C:\xampp\htdocs\lab11_php_ci\ci4\public\index.php(37): CodeIgniter\CodeIgniter->run()
#9 C:\xampp\htdocs\lab11_php_ci\ci4\system\Commands\Server\rewrite.php(43): require_once('C:\\xampp\\htdocs...')
#10 {main}
CRITICAL - 2022-06-11 10:19:44 --> Undefined variable: content
#0 C:\xampp\htdocs\lab11_php_ci\ci4\app\Views\contact.php(11): CodeIgniter\Debug\Exceptions->errorHandler(8, 'Undefined varia...', 'C:\\xampp\\htdocs...', 11, Array)
#1 C:\xampp\htdocs\lab11_php_ci\ci4\system\View\View.php(210): include('C:\\xampp\\htdocs...')
#2 C:\xampp\htdocs\lab11_php_ci\ci4\system\View\View.php(213): CodeIgniter\View\View->CodeIgniter\View\{closure}()
#3 C:\xampp\htdocs\lab11_php_ci\ci4\system\Common.php(1089): CodeIgniter\View\View->render('contact', Array, true)
#4 C:\xampp\htdocs\lab11_php_ci\ci4\app\Controllers\page.php(16): view('contact', Array)
#5 C:\xampp\htdocs\lab11_php_ci\ci4\system\CodeIgniter.php(832): App\Controllers\Page->contact()
#6 C:\xampp\htdocs\lab11_php_ci\ci4\system\CodeIgniter.php(419): CodeIgniter\CodeIgniter->runController(Object(App\Controllers\Page))
#7 C:\xampp\htdocs\lab11_php_ci\ci4\system\CodeIgniter.php(326): CodeIgniter\CodeIgniter->handleRequest(NULL, Object(Config\Cache), false)
#8 C:\xampp\htdocs\lab11_php_ci\ci4\public\index.php(37): CodeIgniter\CodeIgniter->run()
#9 C:\xampp\htdocs\lab11_php_ci\ci4\system\Commands\Server\rewrite.php(43): require_once('C:\\xampp\\htdocs...')
#10 {main}
CRITICAL - 2022-06-11 10:19:47 --> Undefined variable: content
#0 C:\xampp\htdocs\lab11_php_ci\ci4\app\Views\contact.php(11): CodeIgniter\Debug\Exceptions->errorHandler(8, 'Undefined varia...', 'C:\\xampp\\htdocs...', 11, Array)
#1 C:\xampp\htdocs\lab11_php_ci\ci4\system\View\View.php(210): include('C:\\xampp\\htdocs...')
#2 C:\xampp\htdocs\lab11_php_ci\ci4\system\View\View.php(213): CodeIgniter\View\View->CodeIgniter\View\{closure}()
#3 C:\xampp\htdocs\lab11_php_ci\ci4\system\Common.php(1089): CodeIgniter\View\View->render('contact', Array, true)
#4 C:\xampp\htdocs\lab11_php_ci\ci4\app\Controllers\page.php(16): view('contact', Array)
#5 C:\xampp\htdocs\lab11_php_ci\ci4\system\CodeIgniter.php(832): App\Controllers\Page->contact()
#6 C:\xampp\htdocs\lab11_php_ci\ci4\system\CodeIgniter.php(419): CodeIgniter\CodeIgniter->runController(Object(App\Controllers\Page))
#7 C:\xampp\htdocs\lab11_php_ci\ci4\system\CodeIgniter.php(326): CodeIgniter\CodeIgniter->handleRequest(NULL, Object(Config\Cache), false)
#8 C:\xampp\htdocs\lab11_php_ci\ci4\public\index.php(37): CodeIgniter\CodeIgniter->run()
#9 C:\xampp\htdocs\lab11_php_ci\ci4\system\Commands\Server\rewrite.php(43): require_once('C:\\xampp\\htdocs...')
#10 {main}
CRITICAL - 2022-06-11 10:19:55 --> Undefined variable: content
#0 C:\xampp\htdocs\lab11_php_ci\ci4\app\Views\contact.php(11): CodeIgniter\Debug\Exceptions->errorHandler(8, 'Undefined varia...', 'C:\\xampp\\htdocs...', 11, Array)
#1 C:\xampp\htdocs\lab11_php_ci\ci4\system\View\View.php(210): include('C:\\xampp\\htdocs...')
#2 C:\xampp\htdocs\lab11_php_ci\ci4\system\View\View.php(213): CodeIgniter\View\View->CodeIgniter\View\{closure}()
#3 C:\xampp\htdocs\lab11_php_ci\ci4\system\Common.php(1089): CodeIgniter\View\View->render('contact', Array, true)
#4 C:\xampp\htdocs\lab11_php_ci\ci4\app\Controllers\page.php(16): view('contact', Array)
#5 C:\xampp\htdocs\lab11_php_ci\ci4\system\CodeIgniter.php(832): App\Controllers\Page->contact()
#6 C:\xampp\htdocs\lab11_php_ci\ci4\system\CodeIgniter.php(419): CodeIgniter\CodeIgniter->runController(Object(App\Controllers\Page))
#7 C:\xampp\htdocs\lab11_php_ci\ci4\system\CodeIgniter.php(326): CodeIgniter\CodeIgniter->handleRequest(NULL, Object(Config\Cache), false)
#8 C:\xampp\htdocs\lab11_php_ci\ci4\public\index.php(37): CodeIgniter\CodeIgniter->run()
#9 C:\xampp\htdocs\lab11_php_ci\ci4\system\Commands\Server\rewrite.php(43): require_once('C:\\xampp\\htdocs...')
#10 {main}
CRITICAL - 2022-06-11 11:50:39 --> syntax error, unexpected '}', expecting ';'
#0 C:\xampp\htdocs\lab11_php_ci\ci4\system\Autoloader\Autoloader.php(241): CodeIgniter\Autoloader\Autoloader->includeFile('C:\\xampp\\htdocs...')
#1 C:\xampp\htdocs\lab11_php_ci\ci4\system\Autoloader\Autoloader.php(219): CodeIgniter\Autoloader\Autoloader->loadInNamespace('App\\Controllers...')
#2 [internal function]: CodeIgniter\Autoloader\Autoloader->loadClass('App\\Controllers...')
#3 [internal function]: spl_autoload_call('App\\Controllers...')
#4 C:\xampp\htdocs\lab11_php_ci\ci4\system\CodeIgniter.php(797): class_exists('\\App\\Controller...', true)
#5 C:\xampp\htdocs\lab11_php_ci\ci4\system\CodeIgniter.php(406): CodeIgniter\CodeIgniter->startController()
#6 C:\xampp\htdocs\lab11_php_ci\ci4\system\CodeIgniter.php(326): CodeIgniter\CodeIgniter->handleRequest(NULL, Object(Config\Cache), false)
#7 C:\xampp\htdocs\lab11_php_ci\ci4\public\index.php(37): CodeIgniter\CodeIgniter->run()
#8 C:\xampp\htdocs\lab11_php_ci\ci4\system\Commands\Server\rewrite.php(43): require_once('C:\\xampp\\htdocs...')
#9 {main}
CRITICAL - 2022-06-11 11:50:42 --> Undefined variable: content
#0 C:\xampp\htdocs\lab11_php_ci\ci4\app\Views\contact.php(11): CodeIgniter\Debug\Exceptions->errorHandler(8, 'Undefined varia...', 'C:\\xampp\\htdocs...', 11, Array)
#1 C:\xampp\htdocs\lab11_php_ci\ci4\system\View\View.php(210): include('C:\\xampp\\htdocs...')
#2 C:\xampp\htdocs\lab11_php_ci\ci4\system\View\View.php(213): CodeIgniter\View\View->CodeIgniter\View\{closure}()
#3 C:\xampp\htdocs\lab11_php_ci\ci4\system\Common.php(1089): CodeIgniter\View\View->render('contact', Array, true)
#4 C:\xampp\htdocs\lab11_php_ci\ci4\app\Controllers\page.php(16): view('contact', Array)
#5 C:\xampp\htdocs\lab11_php_ci\ci4\system\CodeIgniter.php(832): App\Controllers\Page->contact()
#6 C:\xampp\htdocs\lab11_php_ci\ci4\system\CodeIgniter.php(419): CodeIgniter\CodeIgniter->runController(Object(App\Controllers\Page))
#7 C:\xampp\htdocs\lab11_php_ci\ci4\system\CodeIgniter.php(326): CodeIgniter\CodeIgniter->handleRequest(NULL, Object(Config\Cache), false)
#8 C:\xampp\htdocs\lab11_php_ci\ci4\public\index.php(37): CodeIgniter\CodeIgniter->run()
#9 C:\xampp\htdocs\lab11_php_ci\ci4\system\Commands\Server\rewrite.php(43): require_once('C:\\xampp\\htdocs...')
#10 {main}
CRITICAL - 2022-06-11 11:51:52 --> Undefined variable: content
#0 C:\xampp\htdocs\lab11_php_ci\ci4\app\Views\contact.php(11): CodeIgniter\Debug\Exceptions->errorHandler(8, 'Undefined varia...', 'C:\\xampp\\htdocs...', 11, Array)
#1 C:\xampp\htdocs\lab11_php_ci\ci4\system\View\View.php(210): include('C:\\xampp\\htdocs...')
#2 C:\xampp\htdocs\lab11_php_ci\ci4\system\View\View.php(213): CodeIgniter\View\View->CodeIgniter\View\{closure}()
#3 C:\xampp\htdocs\lab11_php_ci\ci4\system\Common.php(1089): CodeIgniter\View\View->render('contact', Array, true)
#4 C:\xampp\htdocs\lab11_php_ci\ci4\app\Controllers\page.php(16): view('contact', Array)
#5 C:\xampp\htdocs\lab11_php_ci\ci4\system\CodeIgniter.php(832): App\Controllers\Page->contact()
#6 C:\xampp\htdocs\lab11_php_ci\ci4\system\CodeIgniter.php(419): CodeIgniter\CodeIgniter->runController(Object(App\Controllers\Page))
#7 C:\xampp\htdocs\lab11_php_ci\ci4\system\CodeIgniter.php(326): CodeIgniter\CodeIgniter->handleRequest(NULL, Object(Config\Cache), false)
#8 C:\xampp\htdocs\lab11_php_ci\ci4\public\index.php(37): CodeIgniter\CodeIgniter->run()
#9 C:\xampp\htdocs\lab11_php_ci\ci4\system\Commands\Server\rewrite.php(43): require_once('C:\\xampp\\htdocs...')
#10 {main}
CRITICAL - 2022-06-11 12:18:40 --> Undefined variable: title
#0 C:\xampp\htdocs\lab11_php_ci\ci4\app\Controllers\artikel.php(5): CodeIgniter\Debug\Exceptions->errorHandler(8, 'Undefined varia...', 'C:\\xampp\\htdocs...', 5, Array)
#1 C:\xampp\htdocs\lab11_php_ci\ci4\system\Router\Router.php(518): include_once('C:\\xampp\\htdocs...')
#2 C:\xampp\htdocs\lab11_php_ci\ci4\system\Router\Router.php(175): CodeIgniter\Router\Router->autoRoute('artikel')
#3 C:\xampp\htdocs\lab11_php_ci\ci4\system\CodeIgniter.php(726): CodeIgniter\Router\Router->handle('artikel')
#4 C:\xampp\htdocs\lab11_php_ci\ci4\system\CodeIgniter.php(368): CodeIgniter\CodeIgniter->tryToRouteIt(Object(CodeIgniter\Router\RouteCollection))
#5 C:\xampp\htdocs\lab11_php_ci\ci4\system\CodeIgniter.php(326): CodeIgniter\CodeIgniter->handleRequest(NULL, Object(Config\Cache), false)
#6 C:\xampp\htdocs\lab11_php_ci\ci4\public\index.php(37): CodeIgniter\CodeIgniter->run()
#7 C:\xampp\htdocs\lab11_php_ci\ci4\system\Commands\Server\rewrite.php(43): require_once('C:\\xampp\\htdocs...')
#8 {main}
CRITICAL - 2022-06-11 12:18:45 --> Undefined variable: title
#0 C:\xampp\htdocs\lab11_php_ci\ci4\app\Controllers\artikel.php(5): CodeIgniter\Debug\Exceptions->errorHandler(8, 'Undefined varia...', 'C:\\xampp\\htdocs...', 5, Array)
#1 C:\xampp\htdocs\lab11_php_ci\ci4\system\Router\Router.php(518): include_once('C:\\xampp\\htdocs...')
#2 C:\xampp\htdocs\lab11_php_ci\ci4\system\Router\Router.php(175): CodeIgniter\Router\Router->autoRoute('artikel')
#3 C:\xampp\htdocs\lab11_php_ci\ci4\system\CodeIgniter.php(726): CodeIgniter\Router\Router->handle('artikel')
#4 C:\xampp\htdocs\lab11_php_ci\ci4\system\CodeIgniter.php(368): CodeIgniter\CodeIgniter->tryToRouteIt(Object(CodeIgniter\Router\RouteCollection))
#5 C:\xampp\htdocs\lab11_php_ci\ci4\system\CodeIgniter.php(326): CodeIgniter\CodeIgniter->handleRequest(NULL, Object(Config\Cache), false)
#6 C:\xampp\htdocs\lab11_php_ci\ci4\public\index.php(37): CodeIgniter\CodeIgniter->run()
#7 C:\xampp\htdocs\lab11_php_ci\ci4\system\Commands\Server\rewrite.php(43): require_once('C:\\xampp\\htdocs...')
#8 {main}
CRITICAL - 2022-06-11 12:19:29 --> Undefined variable: title
#0 C:\xampp\htdocs\lab11_php_ci\ci4\app\Controllers\artikel.php(5): CodeIgniter\Debug\Exceptions->errorHandler(8, 'Undefined varia...', 'C:\\xampp\\htdocs...', 5, Array)
#1 C:\xampp\htdocs\lab11_php_ci\ci4\system\Router\Router.php(518): include_once('C:\\xampp\\htdocs...')
#2 C:\xampp\htdocs\lab11_php_ci\ci4\system\Router\Router.php(175): CodeIgniter\Router\Router->autoRoute('artikel')
#3 C:\xampp\htdocs\lab11_php_ci\ci4\system\CodeIgniter.php(726): CodeIgniter\Router\Router->handle('artikel')
#4 C:\xampp\htdocs\lab11_php_ci\ci4\system\CodeIgniter.php(368): CodeIgniter\CodeIgniter->tryToRouteIt(Object(CodeIgniter\Router\RouteCollection))
#5 C:\xampp\htdocs\lab11_php_ci\ci4\system\CodeIgniter.php(326): CodeIgniter\CodeIgniter->handleRequest(NULL, Object(Config\Cache), false)
#6 C:\xampp\htdocs\lab11_php_ci\ci4\public\index.php(37): CodeIgniter\CodeIgniter->run()
#7 C:\xampp\htdocs\lab11_php_ci\ci4\system\Commands\Server\rewrite.php(43): require_once('C:\\xampp\\htdocs...')
#8 {main}
CRITICAL - 2022-06-11 12:29:50 --> syntax error, unexpected '}', expecting ';'
#0 C:\xampp\htdocs\lab11_php_ci\ci4\system\Autoloader\Autoloader.php(241): CodeIgniter\Autoloader\Autoloader->includeFile('C:\\xampp\\htdocs...')
#1 C:\xampp\htdocs\lab11_php_ci\ci4\system\Autoloader\Autoloader.php(219): CodeIgniter\Autoloader\Autoloader->loadInNamespace('App\\Controllers...')
#2 [internal function]: CodeIgniter\Autoloader\Autoloader->loadClass('App\\Controllers...')
#3 [internal function]: spl_autoload_call('App\\Controllers...')
#4 C:\xampp\htdocs\lab11_php_ci\ci4\system\CodeIgniter.php(797): class_exists('\\App\\Controller...', true)
#5 C:\xampp\htdocs\lab11_php_ci\ci4\system\CodeIgniter.php(406): CodeIgniter\CodeIgniter->startController()
#6 C:\xampp\htdocs\lab11_php_ci\ci4\system\CodeIgniter.php(326): CodeIgniter\CodeIgniter->handleRequest(NULL, Object(Config\Cache), false)
#7 C:\xampp\htdocs\lab11_php_ci\ci4\public\index.php(37): CodeIgniter\CodeIgniter->run()
#8 C:\xampp\htdocs\lab11_php_ci\ci4\system\Commands\Server\rewrite.php(43): require_once('C:\\xampp\\htdocs...')
#9 {main}
CRITICAL - 2022-06-11 12:29:54 --> syntax error, unexpected '}', expecting ';'
#0 C:\xampp\htdocs\lab11_php_ci\ci4\system\Autoloader\Autoloader.php(241): CodeIgniter\Autoloader\Autoloader->includeFile('C:\\xampp\\htdocs...')
#1 C:\xampp\htdocs\lab11_php_ci\ci4\system\Autoloader\Autoloader.php(219): CodeIgniter\Autoloader\Autoloader->loadInNamespace('App\\Controllers...')
#2 [internal function]: CodeIgniter\Autoloader\Autoloader->loadClass('App\\Controllers...')
#3 [internal function]: spl_autoload_call('App\\Controllers...')
#4 C:\xampp\htdocs\lab11_php_ci\ci4\system\CodeIgniter.php(797): class_exists('\\App\\Controller...', true)
#5 C:\xampp\htdocs\lab11_php_ci\ci4\system\CodeIgniter.php(406): CodeIgniter\CodeIgniter->startController()
#6 C:\xampp\htdocs\lab11_php_ci\ci4\system\CodeIgniter.php(326): CodeIgniter\CodeIgniter->handleRequest(NULL, Object(Config\Cache), false)
#7 C:\xampp\htdocs\lab11_php_ci\ci4\public\index.php(37): CodeIgniter\CodeIgniter->run()
#8 C:\xampp\htdocs\lab11_php_ci\ci4\system\Commands\Server\rewrite.php(43): require_once('C:\\xampp\\htdocs...')
#9 {main}
