ERROR - 2023-05-09 05:25:09 --> Error connecting to the database: Unknown database 'lab_ci4'
CRITICAL - 2023-05-09 05:25:09 --> Unable to connect to the database.
Main connection [MySQLi]: Unknown database 'lab_ci4'
#0 C:\xampp\htdocs\11_Lab11Web-master\ci4\system\Database\BaseConnection.php(577): CodeIgniter\Database\BaseConnection->initialize()
#1 C:\xampp\htdocs\11_Lab11Web-master\ci4\system\Database\BaseBuilder.php(1455): CodeIgniter\Database\BaseConnection->query('SELECT *\nFROM `...', Array, false)
#2 C:\xampp\htdocs\11_Lab11Web-master\ci4\system\Model.php(183): CodeIgniter\Database\BaseBuilder->get()
#3 C:\xampp\htdocs\11_Lab11Web-master\ci4\system\BaseModel.php(584): CodeIgniter\Model->doFindAll(0, 0)
#4 C:\xampp\htdocs\11_Lab11Web-master\ci4\app\Controllers\Artikel.php(10): CodeIgniter\BaseModel->findAll()
#5 C:\xampp\htdocs\11_Lab11Web-master\ci4\system\CodeIgniter.php(832): App\Controllers\Artikel->index()
#6 C:\xampp\htdocs\11_Lab11Web-master\ci4\system\CodeIgniter.php(419): CodeIgniter\CodeIgniter->runController(Object(App\Controllers\Artikel))
#7 C:\xampp\htdocs\11_Lab11Web-master\ci4\system\CodeIgniter.php(326): CodeIgniter\CodeIgniter->handleRequest(NULL, Object(Config\Cache), false)
#8 C:\xampp\htdocs\11_Lab11Web-master\ci4\public\index.php(37): CodeIgniter\CodeIgniter->run()
#9 {main}
ERROR - 2023-05-09 05:28:13 --> Error connecting to the database: Unknown database 'lab_ci4'
CRITICAL - 2023-05-09 05:28:13 --> Unable to connect to the database.
Main connection [MySQLi]: Unknown database 'lab_ci4'
#0 C:\xampp\htdocs\11_Lab11Web-master\ci4\system\Database\BaseConnection.php(577): CodeIgniter\Database\BaseConnection->initialize()
#1 C:\xampp\htdocs\11_Lab11Web-master\ci4\system\Database\BaseBuilder.php(1455): CodeIgniter\Database\BaseConnection->query('SELECT *\nFROM `...', Array, false)
#2 C:\xampp\htdocs\11_Lab11Web-master\ci4\system\Model.php(183): CodeIgniter\Database\BaseBuilder->get()
#3 C:\xampp\htdocs\11_Lab11Web-master\ci4\system\BaseModel.php(584): CodeIgniter\Model->doFindAll(0, 0)
#4 C:\xampp\htdocs\11_Lab11Web-master\ci4\app\Controllers\Artikel.php(10): CodeIgniter\BaseModel->findAll()
#5 C:\xampp\htdocs\11_Lab11Web-master\ci4\system\CodeIgniter.php(832): App\Controllers\Artikel->index()
#6 C:\xampp\htdocs\11_Lab11Web-master\ci4\system\CodeIgniter.php(419): CodeIgniter\CodeIgniter->runController(Object(App\Controllers\Artikel))
#7 C:\xampp\htdocs\11_Lab11Web-master\ci4\system\CodeIgniter.php(326): CodeIgniter\CodeIgniter->handleRequest(NULL, Object(Config\Cache), false)
#8 C:\xampp\htdocs\11_Lab11Web-master\ci4\public\index.php(37): CodeIgniter\CodeIgniter->run()
#9 {main}
