CRITICAL - 2022-06-18 08:30:03 --> Invalid file: artikel/form_add.php
#0 C:\xampp\htdocs\lab11_php_ci\ci4\system\View\View.php(198): CodeIgniter\Exceptions\FrameworkException::forInvalidFile('artikel/form_ad...')
#1 C:\xampp\htdocs\lab11_php_ci\ci4\system\Common.php(1089): CodeIgniter\View\View->render('artikel/form_ad...', Array, true)
#2 C:\xampp\htdocs\lab11_php_ci\ci4\app\Controllers\Artikel.php(53): view('artikel/form_ad...', Array)
#3 C:\xampp\htdocs\lab11_php_ci\ci4\system\CodeIgniter.php(832): App\Controllers\Artikel->add()
#4 C:\xampp\htdocs\lab11_php_ci\ci4\system\CodeIgniter.php(419): CodeIgniter\CodeIgniter->runController(Object(App\Controllers\Artikel))
#5 C:\xampp\htdocs\lab11_php_ci\ci4\system\CodeIgniter.php(326): CodeIgniter\CodeIgniter->handleRequest(NULL, Object(Config\Cache), false)
#6 C:\xampp\htdocs\lab11_php_ci\ci4\public\index.php(37): CodeIgniter\CodeIgniter->run()
#7 C:\xampp\htdocs\lab11_php_ci\ci4\system\Commands\Server\rewrite.php(43): require_once('C:\\xampp\\htdocs...')
#8 {main}
CRITICAL - 2022-06-18 08:46:07 --> Class 'App\Controllers\PageNotFoundException' not found
#0 C:\xampp\htdocs\lab11_php_ci\ci4\system\CodeIgniter.php(832): App\Controllers\Artikel->view('admin')
#1 C:\xampp\htdocs\lab11_php_ci\ci4\system\CodeIgniter.php(419): CodeIgniter\CodeIgniter->runController(Object(App\Controllers\Artikel))
#2 C:\xampp\htdocs\lab11_php_ci\ci4\system\CodeIgniter.php(326): CodeIgniter\CodeIgniter->handleRequest(NULL, Object(Config\Cache), false)
#3 C:\xampp\htdocs\lab11_php_ci\ci4\public\index.php(37): CodeIgniter\CodeIgniter->run()
#4 C:\xampp\htdocs\lab11_php_ci\ci4\system\Commands\Server\rewrite.php(43): require_once('C:\\xampp\\htdocs...')
#5 {main}
CRITICAL - 2022-06-18 22:09:20 --> Undefined variable: upload
#0 C:\xampp\htdocs\lab11_php_ci\ci4\app\Controllers\Artikel.php(49): CodeIgniter\Debug\Exceptions->errorHandler(8, 'Undefined varia...', 'C:\\xampp\\htdocs...', 49, Array)
#1 C:\xampp\htdocs\lab11_php_ci\ci4\system\CodeIgniter.php(832): App\Controllers\Artikel->add()
#2 C:\xampp\htdocs\lab11_php_ci\ci4\system\CodeIgniter.php(419): CodeIgniter\CodeIgniter->runController(Object(App\Controllers\Artikel))
#3 C:\xampp\htdocs\lab11_php_ci\ci4\system\CodeIgniter.php(326): CodeIgniter\CodeIgniter->handleRequest(NULL, Object(Config\Cache), false)
#4 C:\xampp\htdocs\lab11_php_ci\ci4\public\index.php(37): CodeIgniter\CodeIgniter->run()
#5 C:\xampp\htdocs\lab11_php_ci\ci4\system\Commands\Server\rewrite.php(43): require_once('C:\\xampp\\htdocs...')
#6 {main}
CRITICAL - 2022-06-18 22:15:50 --> Argument 1 passed to url_title() must be of the type string, null given, called in C:\xampp\htdocs\lab11_php_ci\ci4\app\Controllers\Artikel.php on line 49
#0 C:\xampp\htdocs\lab11_php_ci\ci4\app\Controllers\Artikel.php(49): url_title(NULL)
#1 C:\xampp\htdocs\lab11_php_ci\ci4\system\CodeIgniter.php(832): App\Controllers\Artikel->add()
#2 C:\xampp\htdocs\lab11_php_ci\ci4\system\CodeIgniter.php(419): CodeIgniter\CodeIgniter->runController(Object(App\Controllers\Artikel))
#3 C:\xampp\htdocs\lab11_php_ci\ci4\system\CodeIgniter.php(326): CodeIgniter\CodeIgniter->handleRequest(NULL, Object(Config\Cache), false)
#4 C:\xampp\htdocs\lab11_php_ci\ci4\public\index.php(37): CodeIgniter\CodeIgniter->run()
#5 C:\xampp\htdocs\lab11_php_ci\ci4\system\Commands\Server\rewrite.php(43): require_once('C:\\xampp\\htdocs...')
#6 {main}
